# JRE version: Java(TM) SE Runtime Environment 18.9 (11.0.19+9) (build 11.0.19+9-LTS-224)
# Java VM: Java HotSpot(TM) 64-Bit Server VM 18.9 (11.0.19+9-LTS-224, mixed mode, tiered, compressed oops, g1 gc, windows-amd64)
Heap:
 garbage-first heap   total 260096K, used 22205K [0x0000000080000000, 0x0000000100000000)
  region size 1024K, 7 young (7168K), 4 survivors (4096K)
 Metaspace       used 29308K, capacity 29902K, committed 30080K, reserved 542720K
  class space    used 3931K, capacity 4184K, committed 4224K, reserved 516096K
GC Heap History (8 events):
Event: 2.412 GC heap before
{Heap before GC invocations=0 (full 0):
 garbage-first heap   total 260096K, used 29696K [0x0000000080000000, 0x0000000100000000)
  region size 1024K, 24 young (24576K), 0 survivors (0K)
 Metaspace       used 9581K, capacity 9775K, committed 10112K, reserved 526336K
  class space    used 988K, capacity 1069K, committed 1152K, reserved 516096K
}
Event: 3.104 GC heap after
{Heap after GC invocations=1 (full 0):
 garbage-first heap   total 260096K, used 9391K [0x0000000080000000, 0x0000000100000000)
  region size 1024K, 3 young (3072K), 3 survivors (3072K)
 Metaspace       used 9581K, capacity 9775K, committed 10112K, reserved 526336K
  class space    used 988K, capacity 1069K, committed 1152K, reserved 516096K
}
Event: 13.951 GC heap before
{Heap before GC invocations=1 (full 0):
 garbage-first heap   total 260096K, used 107695K [0x0000000080000000, 0x0000000100000000)
  region size 1024K, 99 young (101376K), 3 survivors (3072K)
 Metaspace       used 20582K, capacity 21089K, committed 21248K, reserved 534528K
  class space    used 2519K, capacity 2700K, committed 2816K, reserved 516096K
}
Event: 14.064 GC heap after
{Heap after GC invocations=2 (full 0):
 garbage-first heap   total 260096K, used 17502K [0x0000000080000000, 0x0000000100000000)
  region size 1024K, 11 young (11264K), 11 survivors (11264K)
 Metaspace       used 20582K, capacity 21089K, committed 21248K, reserved 534528K
  class space    used 2519K, capacity 2700K, committed 2816K, reserved 516096K
}
Event: 14.328 GC heap before
{Heap before GC invocations=3 (full 0):
 garbage-first heap   total 260096K, used 40030K [0x0000000080000000, 0x0000000100000000)
  region size 1024K, 33 young (33792K), 11 survivors (11264K)
 Metaspace       used 22334K, capacity 22798K, committed 23040K, reserved 536576K
  class space    used 2835K, capacity 3038K, committed 3072K, reserved 516096K
}
Event: 14.334 GC heap after
{Heap after GC invocations=4 (full 0):
 garbage-first heap   total 260096K, used 18074K [0x0000000080000000, 0x0000000100000000)
  region size 1024K, 1 young (1024K), 1 survivors (1024K)
 Metaspace       used 22334K, capacity 22798K, committed 23040K, reserved 536576K
  class space    used 2835K, capacity 3038K, committed 3072K, reserved 516096K
}
Event: 15.408 GC heap before
{Heap before GC invocations=4 (full 0):
 garbage-first heap   total 260096K, used 86682K [0x0000000080000000, 0x0000000100000000)
  region size 1024K, 68 young (69632K), 1 survivors (1024K)
 Metaspace       used 29134K, capacity 29771K, committed 30080K, reserved 542720K
  class space    used 3890K, capacity 4140K, committed 4224K, reserved 516096K
}
Event: 15.413 GC heap after
{Heap after GC invocations=5 (full 0):
 garbage-first heap   total 260096K, used 20157K [0x0000000080000000, 0x0000000100000000)
  region size 1024K, 4 young (4096K), 4 survivors (4096K)
 Metaspace       used 29134K, capacity 29771K, committed 30080K, reserved 542720K
  class space    used 3890K, capacity 4140K, committed 4224K, reserved 516096K
}

