# JRE version: Java(TM) SE Runtime Environment 18.9 (11.0.19+9) (build 11.0.19+9-LTS-224)
# Java VM: Java HotSpot(TM) 64-Bit Server VM 18.9 (11.0.19+9-LTS-224, mixed mode, tiered, compressed oops, g1 gc, windows-amd64)
Heap:
 garbage-first heap   total 260096K, used 70409K [0x0000000080000000, 0x0000000100000000)
  region size 1024K, 53 young (54272K), 1 survivors (1024K)
 Metaspace       used 27569K, capacity 28245K, committed 28544K, reserved 542720K
  class space    used 3648K, capacity 3885K, committed 3968K, reserved 516096K
GC Heap History (6 events):
Event: 1.280 GC heap before
{Heap before GC invocations=0 (full 0):
 garbage-first heap   total 260096K, used 29696K [0x0000000080000000, 0x0000000100000000)
  region size 1024K, 24 young (24576K), 0 survivors (0K)
 Metaspace       used 9576K, capacity 9775K, committed 10112K, reserved 526336K
  class space    used 989K, capacity 1069K, committed 1152K, reserved 516096K
}
Event: 1.514 GC heap after
{Heap after GC invocations=1 (full 0):
 garbage-first heap   total 260096K, used 9393K [0x0000000080000000, 0x0000000100000000)
  region size 1024K, 3 young (3072K), 3 survivors (3072K)
 Metaspace       used 9576K, capacity 9775K, committed 10112K, reserved 526336K
  class space    used 989K, capacity 1069K, committed 1152K, reserved 516096K
}
Event: 11.527 GC heap before
{Heap before GC invocations=1 (full 0):
 garbage-first heap   total 260096K, used 106673K [0x0000000080000000, 0x0000000100000000)
  region size 1024K, 98 young (100352K), 3 survivors (3072K)
 Metaspace       used 20579K, capacity 21089K, committed 21248K, reserved 534528K
  class space    used 2518K, capacity 2700K, committed 2816K, reserved 516096K
}
Event: 11.558 GC heap after
{Heap after GC invocations=2 (full 0):
 garbage-first heap   total 260096K, used 17509K [0x0000000080000000, 0x0000000100000000)
  region size 1024K, 11 young (11264K), 11 survivors (11264K)
 Metaspace       used 20579K, capacity 21089K, committed 21248K, reserved 534528K
  class space    used 2518K, capacity 2700K, committed 2816K, reserved 516096K
}
Event: 12.147 GC heap before
{Heap before GC invocations=3 (full 0):
 garbage-first heap   total 260096K, used 39013K [0x0000000080000000, 0x0000000100000000)
  region size 1024K, 32 young (32768K), 11 survivors (11264K)
 Metaspace       used 22267K, capacity 22766K, committed 23040K, reserved 536576K
  class space    used 2828K, capacity 3006K, committed 3072K, reserved 516096K
}
Event: 12.157 GC heap after
{Heap after GC invocations=4 (full 0):
 garbage-first heap   total 260096K, used 18185K [0x0000000080000000, 0x0000000100000000)
  region size 1024K, 1 young (1024K), 1 survivors (1024K)
 Metaspace       used 22267K, capacity 22766K, committed 23040K, reserved 536576K
  class space    used 2828K, capacity 3006K, committed 3072K, reserved 516096K
}

