# JRE version: Java(TM) SE Runtime Environment 18.9 (11.0.19+9) (build 11.0.19+9-LTS-224)
# Java VM: Java HotSpot(TM) 64-Bit Server VM 18.9 (11.0.19+9-LTS-224, mixed mode, tiered, compressed oops, g1 gc, windows-amd64)
Heap:
 garbage-first heap   total 260096K, used 153788K [0x0000000080000000, 0x0000000100000000)
  region size 1024K, 131 young (134144K), 13 survivors (13312K)
 Metaspace       used 50664K, capacity 52034K, committed 52300K, reserved 561152K
  class space    used 6581K, capacity 7183K, committed 7296K, reserved 516096K
GC Heap History (10 events):
Event: 15.189 GC heap before
{Heap before GC invocations=1 (full 0):
 garbage-first heap   total 260096K, used 106675K [0x0000000080000000, 0x0000000100000000)
  region size 1024K, 98 young (100352K), 3 survivors (3072K)
 Metaspace       used 20587K, capacity 21089K, committed 21248K, reserved 534528K
  class space    used 2518K, capacity 2700K, committed 2816K, reserved 516096K
}
Event: 15.326 GC heap after
{Heap after GC invocations=2 (full 0):
 garbage-first heap   total 260096K, used 17384K [0x0000000080000000, 0x0000000100000000)
  region size 1024K, 11 young (11264K), 11 survivors (11264K)
 Metaspace       used 20587K, capacity 21089K, committed 21248K, reserved 534528K
  class space    used 2518K, capacity 2700K, committed 2816K, reserved 516096K
}
Event: 15.680 GC heap before
{Heap before GC invocations=3 (full 0):
 garbage-first heap   total 260096K, used 38888K [0x0000000080000000, 0x0000000100000000)
  region size 1024K, 32 young (32768K), 11 survivors (11264K)
 Metaspace       used 22359K, capacity 22862K, committed 23040K, reserved 536576K
  class space    used 2837K, capacity 3038K, committed 3072K, reserved 516096K
}
Event: 15.687 GC heap after
{Heap after GC invocations=4 (full 0):
 garbage-first heap   total 260096K, used 18147K [0x0000000080000000, 0x0000000100000000)
  region size 1024K, 1 young (1024K), 1 survivors (1024K)
 Metaspace       used 22359K, capacity 22862K, committed 23040K, reserved 536576K
  class space    used 2837K, capacity 3038K, committed 3072K, reserved 516096K
}
Event: 17.908 GC heap before
{Heap before GC invocations=4 (full 0):
 garbage-first heap   total 260096K, used 91875K [0x0000000080000000, 0x0000000100000000)
  region size 1024K, 73 young (74752K), 1 survivors (1024K)
 Metaspace       used 29804K, capacity 30558K, committed 30720K, reserved 542720K
  class space    used 4002K, capacity 4254K, committed 4352K, reserved 516096K
}
Event: 17.913 GC heap after
{Heap after GC invocations=5 (full 0):
 garbage-first heap   total 260096K, used 20490K [0x0000000080000000, 0x0000000100000000)
  region size 1024K, 4 young (4096K), 4 survivors (4096K)
 Metaspace       used 29804K, capacity 30558K, committed 30720K, reserved 542720K
  class space    used 4002K, capacity 4254K, committed 4352K, reserved 516096K
}
Event: 19.070 GC heap before
{Heap before GC invocations=5 (full 0):
 garbage-first heap   total 260096K, used 40970K [0x0000000080000000, 0x0000000100000000)
  region size 1024K, 25 young (25600K), 4 survivors (4096K)
 Metaspace       used 34910K, capacity 35702K, committed 35840K, reserved 548864K
  class space    used 4548K, capacity 4864K, committed 4864K, reserved 516096K
}
Event: 19.077 GC heap after
{Heap after GC invocations=6 (full 0):
 garbage-first heap   total 260096K, used 22831K [0x0000000080000000, 0x0000000100000000)
  region size 1024K, 6 young (6144K), 6 survivors (6144K)
 Metaspace       used 34910K, capacity 35702K, committed 35840K, reserved 548864K
  class space    used 4548K, capacity 4864K, committed 4864K, reserved 516096K
}
Event: 64.292 GC heap before
{Heap before GC invocations=7 (full 0):
 garbage-first heap   total 260096K, used 140591K [0x0000000080000000, 0x0000000100000000)
  region size 1024K, 117 young (119808K), 6 survivors (6144K)
 Metaspace       used 42985K, capacity 44090K, committed 44364K, reserved 555008K
  class space    used 5462K, capacity 5925K, committed 6016K, reserved 516096K
}
Event: 64.305 GC heap after
{Heap after GC invocations=8 (full 0):
 garbage-first heap   total 260096K, used 29884K [0x0000000080000000, 0x0000000100000000)
  region size 1024K, 13 young (13312K), 13 survivors (13312K)
 Metaspace       used 42985K, capacity 44090K, committed 44364K, reserved 555008K
  class space    used 5462K, capacity 5925K, committed 6016K, reserved 516096K
}

