# JRE version: Java(TM) SE Runtime Environment 18.9 (11.0.19+9) (build 11.0.19+9-LTS-224)
# Java VM: Java HotSpot(TM) 64-Bit Server VM 18.9 (11.0.19+9-LTS-224, mixed mode, tiered, compressed oops, g1 gc, windows-amd64)
Heap:
 garbage-first heap   total 260096K, used 90535K [0x0000000080000000, 0x0000000100000000)
  region size 1024K, 70 young (71680K), 6 survivors (6144K)
 Metaspace       used 39754K, capacity 40754K, committed 40832K, reserved 552960K
  class space    used 5074K, capacity 5465K, committed 5504K, reserved 516096K
GC Heap History (10 events):
Event: 3.463 GC heap before
{Heap before GC invocations=0 (full 0):
 garbage-first heap   total 260096K, used 29696K [0x0000000080000000, 0x0000000100000000)
  region size 1024K, 24 young (24576K), 0 survivors (0K)
 Metaspace       used 9529K, capacity 9740K, committed 9856K, reserved 526336K
  class space    used 979K, capacity 1036K, committed 1152K, reserved 516096K
}
Event: 4.134 GC heap after
{Heap after GC invocations=1 (full 0):
 garbage-first heap   total 260096K, used 9394K [0x0000000080000000, 0x0000000100000000)
  region size 1024K, 3 young (3072K), 3 survivors (3072K)
 Metaspace       used 9529K, capacity 9740K, committed 9856K, reserved 526336K
  class space    used 979K, capacity 1036K, committed 1152K, reserved 516096K
}
Event: 20.661 GC heap before
{Heap before GC invocations=1 (full 0):
 garbage-first heap   total 260096K, used 105650K [0x0000000080000000, 0x0000000100000000)
  region size 1024K, 97 young (99328K), 3 survivors (3072K)
 Metaspace       used 20589K, capacity 21090K, committed 21248K, reserved 534528K
  class space    used 2523K, capacity 2700K, committed 2816K, reserved 516096K
}
Event: 20.683 GC heap after
{Heap after GC invocations=2 (full 0):
 garbage-first heap   total 260096K, used 17412K [0x0000000080000000, 0x0000000100000000)
  region size 1024K, 11 young (11264K), 11 survivors (11264K)
 Metaspace       used 20589K, capacity 21090K, committed 21248K, reserved 534528K
  class space    used 2523K, capacity 2700K, committed 2816K, reserved 516096K
}
Event: 21.168 GC heap before
{Heap before GC invocations=3 (full 0):
 garbage-first heap   total 260096K, used 38916K [0x0000000080000000, 0x0000000100000000)
  region size 1024K, 32 young (32768K), 11 survivors (11264K)
 Metaspace       used 22272K, capacity 22767K, committed 23040K, reserved 536576K
  class space    used 2831K, capacity 3006K, committed 3072K, reserved 516096K
}
Event: 21.175 GC heap after
{Heap after GC invocations=4 (full 0):
 garbage-first heap   total 260096K, used 18594K [0x0000000080000000, 0x0000000100000000)
  region size 1024K, 2 young (2048K), 2 survivors (2048K)
 Metaspace       used 22272K, capacity 22767K, committed 23040K, reserved 536576K
  class space    used 2831K, capacity 3006K, committed 3072K, reserved 516096K
}
Event: 22.381 GC heap before
{Heap before GC invocations=4 (full 0):
 garbage-first heap   total 260096K, used 89250K [0x0000000080000000, 0x0000000100000000)
  region size 1024K, 71 young (72704K), 2 survivors (2048K)
 Metaspace       used 29473K, capacity 30191K, committed 30336K, reserved 542720K
  class space    used 3955K, capacity 4216K, committed 4224K, reserved 516096K
}
Event: 22.386 GC heap after
{Heap after GC invocations=5 (full 0):
 garbage-first heap   total 260096K, used 20631K [0x0000000080000000, 0x0000000100000000)
  region size 1024K, 4 young (4096K), 4 survivors (4096K)
 Metaspace       used 29473K, capacity 30191K, committed 30336K, reserved 542720K
  class space    used 3955K, capacity 4216K, committed 4224K, reserved 516096K
}
Event: 22.936 GC heap before
{Heap before GC invocations=5 (full 0):
 garbage-first heap   total 260096K, used 45207K [0x0000000080000000, 0x0000000100000000)
  region size 1024K, 29 young (29696K), 4 survivors (4096K)
 Metaspace       used 34904K, capacity 35639K, committed 35840K, reserved 548864K
  class space    used 4547K, capacity 4864K, committed 4864K, reserved 516096K
}
Event: 22.942 GC heap after
{Heap after GC invocations=6 (full 0):
 garbage-first heap   total 260096K, used 22951K [0x0000000080000000, 0x0000000100000000)
  region size 1024K, 6 young (6144K), 6 survivors (6144K)
 Metaspace       used 34904K, capacity 35639K, committed 35840K, reserved 548864K
  class space    used 4547K, capacity 4864K, committed 4864K, reserved 516096K
}

