# JRE version: Java(TM) SE Runtime Environment 18.9 (11.0.19+9) (build 11.0.19+9-LTS-224)
# Java VM: Java HotSpot(TM) 64-Bit Server VM 18.9 (11.0.19+9-LTS-224, mixed mode, tiered, compressed oops, g1 gc, windows-amd64)
Heap:
 garbage-first heap   total 260096K, used 126573K [0x0000000080000000, 0x0000000100000000)
  region size 1024K, 93 young (95232K), 10 survivors (10240K)
 Metaspace       used 63425K, capacity 65169K, committed 65280K, reserved 573440K
  class space    used 8384K, capacity 9123K, committed 9216K, reserved 516096K
GC Heap History (10 events):
Event: 20.353 GC heap before
{Heap before GC invocations=4 (full 0):
 garbage-first heap   total 260096K, used 92091K [0x0000000080000000, 0x0000000100000000)
  region size 1024K, 73 young (74752K), 1 survivors (1024K)
 Metaspace       used 29482K, capacity 30126K, committed 30336K, reserved 542720K
  class space    used 3958K, capacity 4216K, committed 4224K, reserved 516096K
}
Event: 20.357 GC heap after
{Heap after GC invocations=5 (full 0):
 garbage-first heap   total 260096K, used 20757K [0x0000000080000000, 0x0000000100000000)
  region size 1024K, 4 young (4096K), 4 survivors (4096K)
 Metaspace       used 29482K, capacity 30126K, committed 30336K, reserved 542720K
  class space    used 3958K, capacity 4216K, committed 4224K, reserved 516096K
}
Event: 22.455 GC heap before
{Heap before GC invocations=5 (full 0):
 garbage-first heap   total 260096K, used 44309K [0x0000000080000000, 0x0000000100000000)
  region size 1024K, 28 young (28672K), 4 survivors (4096K)
 Metaspace       used 34913K, capacity 35704K, committed 35840K, reserved 548864K
  class space    used 4548K, capacity 4864K, committed 4864K, reserved 516096K
}
Event: 22.461 GC heap after
{Heap after GC invocations=6 (full 0):
 garbage-first heap   total 260096K, used 23247K [0x0000000080000000, 0x0000000100000000)
  region size 1024K, 6 young (6144K), 6 survivors (6144K)
 Metaspace       used 34913K, capacity 35704K, committed 35840K, reserved 548864K
  class space    used 4548K, capacity 4864K, committed 4864K, reserved 516096K
}
Event: 73.310 GC heap before
{Heap before GC invocations=7 (full 0):
 garbage-first heap   total 260096K, used 143055K [0x0000000080000000, 0x0000000100000000)
  region size 1024K, 120 young (122880K), 6 survivors (6144K)
 Metaspace       used 43102K, capacity 44202K, committed 44416K, reserved 555008K
  class space    used 5490K, capacity 5943K, committed 6016K, reserved 516096K
}
Event: 73.323 GC heap after
{Heap after GC invocations=8 (full 0):
 garbage-first heap   total 260096K, used 30294K [0x0000000080000000, 0x0000000100000000)
  region size 1024K, 13 young (13312K), 13 survivors (13312K)
 Metaspace       used 43102K, capacity 44202K, committed 44416K, reserved 555008K
  class space    used 5490K, capacity 5943K, committed 6016K, reserved 516096K
}
Event: 109.805 GC heap before
{Heap before GC invocations=8 (full 0):
 garbage-first heap   total 260096K, used 162390K [0x0000000080000000, 0x0000000100000000)
  region size 1024K, 138 young (141312K), 13 survivors (13312K)
 Metaspace       used 52497K, capacity 53990K, committed 54144K, reserved 563200K
  class space    used 6825K, capacity 7453K, committed 7552K, reserved 516096K
}
Event: 109.819 GC heap after
{Heap after GC invocations=9 (full 0):
 garbage-first heap   total 260096K, used 39924K [0x0000000080000000, 0x0000000100000000)
  region size 1024K, 15 young (15360K), 15 survivors (15360K)
 Metaspace       used 52497K, capacity 53990K, committed 54144K, reserved 563200K
  class space    used 6825K, capacity 7453K, committed 7552K, reserved 516096K
}
Event: 113.797 GC heap before
{Heap before GC invocations=9 (full 0):
 garbage-first heap   total 260096K, used 109556K [0x0000000080000000, 0x0000000100000000)
  region size 1024K, 84 young (86016K), 15 survivors (15360K)
 Metaspace       used 58146K, capacity 59776K, committed 59904K, reserved 569344K
  class space    used 7686K, capacity 8383K, committed 8448K, reserved 516096K
}
Event: 113.810 GC heap after
{Heap after GC invocations=10 (full 0):
 garbage-first heap   total 260096K, used 42605K [0x0000000080000000, 0x0000000100000000)
  region size 1024K, 10 young (10240K), 10 survivors (10240K)
 Metaspace       used 58146K, capacity 59776K, committed 59904K, reserved 569344K
  class space    used 7686K, capacity 8383K, committed 8448K, reserved 516096K
}

